app/build/intermediates/manifest_merge_blame_file/debug/manifest-merger-blame-debug-report.txt
1<?xml version="1.0" encoding="utf-8"?>
2<manifest xmlns:android="http://schemas.android.com/apk/res/android"
3    package="com.ypyglobal.xradio"
4    android:versionCode="20230831"
5    android:versionName="4.9" >
6
7    <uses-sdk
8        android:minSdkVersion="21"
9        android:targetSdkVersion="33" />
10
11    <uses-permission android:name="android.permission.INTERNET" />
11-->src\main\AndroidManifest.xml:6:5-67
11-->src\main\AndroidManifest.xml:6:22-64
12    <uses-permission android:name="android.permission.ACCESS_NETWORK_STATE" />
12-->src\main\AndroidManifest.xml:7:5-79
12-->src\main\AndroidManifest.xml:7:22-76
13    <uses-permission android:name="android.permission.FOREGROUND_SERVICE" />
13-->src\main\AndroidManifest.xml:8:5-77
13-->src\main\AndroidManifest.xml:8:22-74
14    <uses-permission android:name="android.permission.WRITE_EXTERNAL_STORAGE" />
14-->src\main\AndroidManifest.xml:9:5-81
14-->src\main\AndroidManifest.xml:9:22-78
15    <uses-permission android:name="android.permission.POST_NOTIFICATIONS" />
15-->src\main\AndroidManifest.xml:10:5-76
15-->src\main\AndroidManifest.xml:10:22-74
16
17    <uses-feature
17-->src\main\AndroidManifest.xml:12:5-14:36
18        android:glEsVersion="0x00020000"
18-->src\main\AndroidManifest.xml:13:9-41
19        android:required="false" />
19-->src\main\AndroidManifest.xml:14:9-33
20
21    <uses-permission android:name="com.google.android.gms.permission.AD_ID" /> <!-- Android package visibility setting -->
21-->[com.google.android.gms:play-services-ads-lite:22.3.0] AndroidManifest.xml:26:5-79
21-->[com.google.android.gms:play-services-ads-lite:22.3.0] AndroidManifest.xml:26:22-76
22    <queries>
22-->[com.google.android.gms:play-services-ads-lite:22.3.0] AndroidManifest.xml:32:5-48:15
23
24        <!-- For browser content -->
25        <intent>
25-->[com.google.android.gms:play-services-ads-lite:22.3.0] AndroidManifest.xml:35:9-41:18
26            <action android:name="android.intent.action.VIEW" />
26-->[com.google.android.gms:play-services-ads-lite:22.3.0] AndroidManifest.xml:36:13-65
26-->[com.google.android.gms:play-services-ads-lite:22.3.0] AndroidManifest.xml:36:21-62
27
28            <category android:name="android.intent.category.BROWSABLE" />
28-->[com.google.android.gms:play-services-ads-lite:22.3.0] AndroidManifest.xml:38:13-74
28-->[com.google.android.gms:play-services-ads-lite:22.3.0] AndroidManifest.xml:38:23-71
29
30            <data android:scheme="https" />
30-->[com.google.android.gms:play-services-ads-lite:22.3.0] AndroidManifest.xml:40:13-44
30-->[com.google.android.gms:play-services-ads-lite:22.3.0] AndroidManifest.xml:40:19-41
31        </intent>
32        <!-- End of browser content -->
33        <!-- For CustomTabsService -->
34        <intent>
34-->[com.google.android.gms:play-services-ads-lite:22.3.0] AndroidManifest.xml:44:9-46:18
35            <action android:name="android.support.customtabs.action.CustomTabsService" />
35-->[com.google.android.gms:play-services-ads-lite:22.3.0] AndroidManifest.xml:45:13-90
35-->[com.google.android.gms:play-services-ads-lite:22.3.0] AndroidManifest.xml:45:21-87
36        </intent>
37        <!-- End of CustomTabsService -->
38        <package android:name="com.facebook.katana" />
38-->[com.facebook.android:audience-network-sdk:6.14.0] AndroidManifest.xml:12:9-55
38-->[com.facebook.android:audience-network-sdk:6.14.0] AndroidManifest.xml:12:18-52
39    </queries>
40
41    <uses-permission android:name="android.permission.WAKE_LOCK" /> <!-- Required by older versions of Google Play services to create GCM registration tokens -->
41-->[androidx.work:work-runtime:2.8.1] AndroidManifest.xml:23:5-68
41-->[androidx.work:work-runtime:2.8.1] AndroidManifest.xml:23:22-65
42    <uses-permission android:name="com.google.android.c2dm.permission.RECEIVE" />
42-->[com.google.android.gms:play-services-gcm:17.0.0] AndroidManifest.xml:23:5-82
42-->[com.google.android.gms:play-services-gcm:17.0.0] AndroidManifest.xml:23:22-79
43
44    <permission
44-->[androidx.core:core:1.9.0] AndroidManifest.xml:22:5-24:47
45        android:name="com.ypyglobal.xradio.DYNAMIC_RECEIVER_NOT_EXPORTED_PERMISSION"
45-->[androidx.core:core:1.9.0] AndroidManifest.xml:23:9-81
46        android:protectionLevel="signature" />
46-->[androidx.core:core:1.9.0] AndroidManifest.xml:24:9-44
47
48    <uses-permission android:name="com.ypyglobal.xradio.DYNAMIC_RECEIVER_NOT_EXPORTED_PERMISSION" />
48-->[androidx.core:core:1.9.0] AndroidManifest.xml:26:5-97
48-->[androidx.core:core:1.9.0] AndroidManifest.xml:26:22-94
49
50    <application
50-->src\main\AndroidManifest.xml:16:5-125:19
51        android:name="com.ypyglobal.xradio.XRadioApplication"
51-->src\main\AndroidManifest.xml:17:9-42
52        android:allowBackup="true"
52-->src\main\AndroidManifest.xml:18:9-35
53        android:appComponentFactory="androidx.core.app.CoreComponentFactory"
53-->[androidx.core:core:1.9.0] AndroidManifest.xml:28:18-86
54        android:debuggable="true"
55        android:extractNativeLibs="true"
56        android:hardwareAccelerated="true"
56-->src\main\AndroidManifest.xml:19:9-43
57        android:icon="@mipmap/ic_launcher"
57-->src\main\AndroidManifest.xml:20:9-43
58        android:label="@string/app_name"
58-->src\main\AndroidManifest.xml:21:9-41
59        android:roundIcon="@mipmap/ic_launcher_round"
59-->src\main\AndroidManifest.xml:22:9-54
60        android:supportsRtl="true"
60-->src\main\AndroidManifest.xml:23:9-35
61        android:theme="@style/AppThemeFull"
61-->src\main\AndroidManifest.xml:24:9-44
62        android:usesCleartextTraffic="true" >
62-->src\main\AndroidManifest.xml:25:9-44
63        <activity
63-->src\main\AndroidManifest.xml:28:9-38:20
64            android:name="com.ypyglobal.xradio.XRadioSplashActivity"
64-->src\main\AndroidManifest.xml:29:13-49
65            android:configChanges="touchscreen|keyboard|keyboardHidden|navigation|orientation|screenLayout|uiMode|screenSize|smallestScreenSize"
65-->src\main\AndroidManifest.xml:30:13-145
66            android:exported="true"
66-->src\main\AndroidManifest.xml:31:13-36
67            android:label="@string/app_name"
67-->src\main\AndroidManifest.xml:32:13-45
68            android:screenOrientation="portrait" >
68-->src\main\AndroidManifest.xml:33:13-49
69            <intent-filter>
69-->src\main\AndroidManifest.xml:34:13-37:29
70                <action android:name="android.intent.action.MAIN" />
70-->src\main\AndroidManifest.xml:35:17-69
70-->src\main\AndroidManifest.xml:35:25-66
71
72                <category android:name="android.intent.category.LAUNCHER" />
72-->src\main\AndroidManifest.xml:36:17-77
72-->src\main\AndroidManifest.xml:36:27-74
73            </intent-filter>
74        </activity>
75        <activity
75-->src\main\AndroidManifest.xml:40:9-46:68
76            android:name="com.ypyglobal.xradio.XMultiRadioMainActivity"
76-->src\main\AndroidManifest.xml:41:13-52
77            android:configChanges="touchscreen|keyboard|keyboardHidden|navigation|orientation|screenLayout|uiMode|screenSize|smallestScreenSize"
77-->src\main\AndroidManifest.xml:42:13-145
78            android:label="@string/app_name"
78-->src\main\AndroidManifest.xml:43:13-45
79            android:launchMode="singleTop"
79-->src\main\AndroidManifest.xml:44:13-43
80            android:screenOrientation="portrait"
80-->src\main\AndroidManifest.xml:45:13-49
81            android:windowSoftInputMode="adjustPan|adjustResize" />
81-->src\main\AndroidManifest.xml:46:13-65
82        <activity
82-->src\main\AndroidManifest.xml:47:9-53:68
83            android:name="com.ypyglobal.xradio.XSingleRadioMainActivity"
83-->src\main\AndroidManifest.xml:48:13-53
84            android:configChanges="touchscreen|keyboard|keyboardHidden|navigation|orientation|screenLayout|uiMode|screenSize|smallestScreenSize"
84-->src\main\AndroidManifest.xml:49:13-145
85            android:label="@string/app_name"
85-->src\main\AndroidManifest.xml:50:13-45
86            android:launchMode="singleTop"
86-->src\main\AndroidManifest.xml:51:13-43
87            android:screenOrientation="portrait"
87-->src\main\AndroidManifest.xml:52:13-49
88            android:windowSoftInputMode="adjustPan|adjustResize" />
88-->src\main\AndroidManifest.xml:53:13-65
89        <activity
89-->src\main\AndroidManifest.xml:55:9-59:52
90            android:name="com.ypyglobal.xradio.XRadioShowUrlActivity"
90-->src\main\AndroidManifest.xml:56:13-50
91            android:configChanges="touchscreen|keyboard|keyboardHidden|navigation|orientation|screenLayout|uiMode|screenSize|smallestScreenSize"
91-->src\main\AndroidManifest.xml:57:13-145
92            android:label="@string/app_name"
92-->src\main\AndroidManifest.xml:58:13-45
93            android:screenOrientation="portrait" />
93-->src\main\AndroidManifest.xml:59:13-49
94        <activity
94-->src\main\AndroidManifest.xml:60:9-64:52
95            android:name="com.ypyglobal.xradio.XRadioGrantActivity"
95-->src\main\AndroidManifest.xml:61:13-48
96            android:configChanges="touchscreen|keyboard|keyboardHidden|navigation|orientation|screenLayout|uiMode|screenSize|smallestScreenSize"
96-->src\main\AndroidManifest.xml:62:13-145
97            android:label="@string/app_name"
97-->src\main\AndroidManifest.xml:63:13-45
98            android:screenOrientation="portrait" />
98-->src\main\AndroidManifest.xml:64:13-49
99
100        <service
100-->src\main\AndroidManifest.xml:66:9-68:40
101            android:name="com.ypyglobal.xradio.stream.service.YPYStreamService"
101-->src\main\AndroidManifest.xml:67:13-80
102            android:exported="false" />
102-->src\main\AndroidManifest.xml:68:13-37
103
104        <receiver
104-->src\main\AndroidManifest.xml:70:9-79:20
105            android:name="com.ypyglobal.xradio.stream.service.YPYIntentReceiver"
105-->src\main\AndroidManifest.xml:71:13-81
106            android:exported="true" >
106-->src\main\AndroidManifest.xml:72:13-36
107            <intent-filter>
107-->src\main\AndroidManifest.xml:73:13-75:29
108                <action android:name="android.media.AUDIO_BECOMING_NOISY" />
108-->src\main\AndroidManifest.xml:74:17-77
108-->src\main\AndroidManifest.xml:74:25-74
109            </intent-filter>
110            <intent-filter>
110-->src\main\AndroidManifest.xml:76:13-78:29
111                <action android:name="android.intent.action.MEDIA_BUTTON" />
111-->src\main\AndroidManifest.xml:77:17-77
111-->src\main\AndroidManifest.xml:77:25-74
112            </intent-filter>
113        </receiver>
114
115        <!-- Firebase Notification -->
116        <meta-data
117            android:name="com.google.firebase.messaging.default_notification_channel_id"
117-->src\main\AndroidManifest.xml:83:13-89
118            android:value="com.ypyglobal.xradio.N3" />
118-->src\main\AndroidManifest.xml:84:13-48
119
120        <service
120-->src\main\AndroidManifest.xml:86:9-92:19
121            android:name="com.ypyglobal.xradio.firebasemsg.XRadioFBMessagingService"
121-->src\main\AndroidManifest.xml:87:13-65
122            android:exported="true" >
122-->src\main\AndroidManifest.xml:88:13-36
123            <intent-filter>
123-->src\main\AndroidManifest.xml:89:13-91:29
124                <action android:name="com.google.firebase.MESSAGING_EVENT" />
124-->src\main\AndroidManifest.xml:90:17-78
124-->src\main\AndroidManifest.xml:90:25-75
125            </intent-filter>
126        </service>
127
128        <!--
129        Set custom default icon. This is used when no icon is set for incoming notification messages.
130        See README(https://goo.gl/l4GJaQ) for more.
131        -->
132        <meta-data
132-->src\main\AndroidManifest.xml:96:9-98:65
133            android:name="com.google.firebase.messaging.default_notification_icon"
133-->src\main\AndroidManifest.xml:97:13-83
134            android:resource="@drawable/ic_notification_24dp" />
134-->src\main\AndroidManifest.xml:98:13-62
135
136        <!--
137             Set color used with incoming notification messages. This is used when no color is set for the incoming
138             notification message. See README(https://goo.gl/6BKBk7) for more.
139        -->
140        <meta-data
140-->src\main\AndroidManifest.xml:102:9-104:54
141            android:name="com.google.firebase.messaging.default_notification_color"
141-->src\main\AndroidManifest.xml:103:13-84
142            android:resource="@color/colorPrimary" />
142-->src\main\AndroidManifest.xml:104:13-51
143        <meta-data
143-->src\main\AndroidManifest.xml:106:9-108:36
144            android:name="firebase_messaging_auto_init_enabled"
144-->src\main\AndroidManifest.xml:107:13-64
145            android:value="true" />
145-->src\main\AndroidManifest.xml:108:13-33
146        <meta-data
146-->src\main\AndroidManifest.xml:109:9-111:36
147            android:name="firebase_analytics_collection_enabled"
147-->src\main\AndroidManifest.xml:110:13-65
148            android:value="true" />
148-->src\main\AndroidManifest.xml:111:13-33
149        <meta-data
149-->src\main\AndroidManifest.xml:113:9-115:36
150            android:name="com.google.android.gms.ads.AD_MANAGER_APP"
150-->src\main\AndroidManifest.xml:114:13-69
151            android:value="true" />
151-->src\main\AndroidManifest.xml:115:13-33
152
153        <uses-library
153-->src\main\AndroidManifest.xml:117:9-119:40
154            android:name="org.apache.http.legacy"
154-->src\main\AndroidManifest.xml:118:13-50
155            android:required="false" />
155-->src\main\AndroidManifest.xml:119:13-37
156
157        <meta-data
157-->src\main\AndroidManifest.xml:121:9-123:52
158            android:name="com.google.android.gms.ads.APPLICATION_ID"
158-->src\main\AndroidManifest.xml:122:13-69
159            android:value="@string/admob_app_id" />
159-->src\main\AndroidManifest.xml:123:13-49
160
161        <!-- Include the AdActivity and InAppPurchaseActivity configChanges and themes. -->
162        <activity
162-->[com.google.android.gms:play-services-ads-lite:22.3.0] AndroidManifest.xml:53:9-58:43
163            android:name="com.google.android.gms.ads.AdActivity"
163-->[com.google.android.gms:play-services-ads-lite:22.3.0] AndroidManifest.xml:54:13-65
164            android:configChanges="keyboard|keyboardHidden|orientation|screenLayout|uiMode|screenSize|smallestScreenSize"
164-->[com.google.android.gms:play-services-ads-lite:22.3.0] AndroidManifest.xml:55:13-122
165            android:exported="false"
165-->[com.google.android.gms:play-services-ads-lite:22.3.0] AndroidManifest.xml:56:13-37
166            android:theme="@android:style/Theme.Translucent" />
166-->[com.google.android.gms:play-services-ads-lite:22.3.0] AndroidManifest.xml:57:13-61
167
168        <provider
168-->[com.google.android.gms:play-services-ads-lite:22.3.0] AndroidManifest.xml:60:9-65:43
169            android:name="com.google.android.gms.ads.MobileAdsInitProvider"
169-->[com.google.android.gms:play-services-ads-lite:22.3.0] AndroidManifest.xml:61:13-76
170            android:authorities="com.ypyglobal.xradio.mobileadsinitprovider"
170-->[com.google.android.gms:play-services-ads-lite:22.3.0] AndroidManifest.xml:62:13-73
171            android:exported="false"
171-->[com.google.android.gms:play-services-ads-lite:22.3.0] AndroidManifest.xml:63:13-37
172            android:initOrder="100" />
172-->[com.google.android.gms:play-services-ads-lite:22.3.0] AndroidManifest.xml:64:13-36
173
174        <service
174-->[com.google.android.gms:play-services-ads-lite:22.3.0] AndroidManifest.xml:67:9-71:43
175            android:name="com.google.android.gms.ads.AdService"
175-->[com.google.android.gms:play-services-ads-lite:22.3.0] AndroidManifest.xml:68:13-64
176            android:enabled="true"
176-->[com.google.android.gms:play-services-ads-lite:22.3.0] AndroidManifest.xml:69:13-35
177            android:exported="false" />
177-->[com.google.android.gms:play-services-ads-lite:22.3.0] AndroidManifest.xml:70:13-37
178
179        <activity
179-->[com.google.android.gms:play-services-ads-lite:22.3.0] AndroidManifest.xml:73:9-77:43
180            android:name="com.google.android.gms.ads.OutOfContextTestingActivity"
180-->[com.google.android.gms:play-services-ads-lite:22.3.0] AndroidManifest.xml:74:13-82
181            android:configChanges="keyboard|keyboardHidden|orientation|screenLayout|uiMode|screenSize|smallestScreenSize"
181-->[com.google.android.gms:play-services-ads-lite:22.3.0] AndroidManifest.xml:75:13-122
182            android:exported="false" />
182-->[com.google.android.gms:play-services-ads-lite:22.3.0] AndroidManifest.xml:76:13-37
183
184        <provider
184-->[androidx.work:work-runtime:2.8.1] AndroidManifest.xml:29:9-37:20
185            android:name="androidx.startup.InitializationProvider"
185-->[androidx.work:work-runtime:2.8.1] AndroidManifest.xml:30:13-67
186            android:authorities="com.ypyglobal.xradio.androidx-startup"
186-->[androidx.work:work-runtime:2.8.1] AndroidManifest.xml:31:13-68
187            android:exported="false" >
187-->[androidx.work:work-runtime:2.8.1] AndroidManifest.xml:32:13-37
188            <meta-data
188-->[androidx.work:work-runtime:2.8.1] AndroidManifest.xml:34:13-36:52
189                android:name="androidx.work.WorkManagerInitializer"
189-->[androidx.work:work-runtime:2.8.1] AndroidManifest.xml:35:17-68
190                android:value="androidx.startup" />
190-->[androidx.work:work-runtime:2.8.1] AndroidManifest.xml:36:17-49
191            <meta-data
191-->[androidx.emoji2:emoji2:1.2.0] AndroidManifest.xml:29:13-31:52
192                android:name="androidx.emoji2.text.EmojiCompatInitializer"
192-->[androidx.emoji2:emoji2:1.2.0] AndroidManifest.xml:30:17-75
193                android:value="androidx.startup" />
193-->[androidx.emoji2:emoji2:1.2.0] AndroidManifest.xml:31:17-49
194            <meta-data
194-->[androidx.lifecycle:lifecycle-process:2.6.1] AndroidManifest.xml:29:13-31:52
195                android:name="androidx.lifecycle.ProcessLifecycleInitializer"
195-->[androidx.lifecycle:lifecycle-process:2.6.1] AndroidManifest.xml:30:17-78
196                android:value="androidx.startup" />
196-->[androidx.lifecycle:lifecycle-process:2.6.1] AndroidManifest.xml:31:17-49
197            <meta-data
197-->[androidx.profileinstaller:profileinstaller:1.3.0] AndroidManifest.xml:29:13-31:52
198                android:name="androidx.profileinstaller.ProfileInstallerInitializer"
198-->[androidx.profileinstaller:profileinstaller:1.3.0] AndroidManifest.xml:30:17-85
199                android:value="androidx.startup" />
199-->[androidx.profileinstaller:profileinstaller:1.3.0] AndroidManifest.xml:31:17-49
200        </provider>
201
202        <service
202-->[androidx.work:work-runtime:2.8.1] AndroidManifest.xml:39:9-45:35
203            android:name="androidx.work.impl.background.systemalarm.SystemAlarmService"
203-->[androidx.work:work-runtime:2.8.1] AndroidManifest.xml:40:13-88
204            android:directBootAware="false"
204-->[androidx.work:work-runtime:2.8.1] AndroidManifest.xml:41:13-44
205            android:enabled="@bool/enable_system_alarm_service_default"
205-->[androidx.work:work-runtime:2.8.1] AndroidManifest.xml:42:13-72
206            android:exported="false" />
206-->[androidx.work:work-runtime:2.8.1] AndroidManifest.xml:43:13-37
207        <service
207-->[androidx.work:work-runtime:2.8.1] AndroidManifest.xml:46:9-52:35
208            android:name="androidx.work.impl.background.systemjob.SystemJobService"
208-->[androidx.work:work-runtime:2.8.1] AndroidManifest.xml:47:13-84
209            android:directBootAware="false"
209-->[androidx.work:work-runtime:2.8.1] AndroidManifest.xml:48:13-44
210            android:enabled="@bool/enable_system_job_service_default"
210-->[androidx.work:work-runtime:2.8.1] AndroidManifest.xml:49:13-70
211            android:exported="true"
211-->[androidx.work:work-runtime:2.8.1] AndroidManifest.xml:50:13-36
212            android:permission="android.permission.BIND_JOB_SERVICE" />
212-->[androidx.work:work-runtime:2.8.1] AndroidManifest.xml:51:13-69
213        <service
213-->[androidx.work:work-runtime:2.8.1] AndroidManifest.xml:53:9-59:35
214            android:name="androidx.work.impl.foreground.SystemForegroundService"
214-->[androidx.work:work-runtime:2.8.1] AndroidManifest.xml:54:13-81
215            android:directBootAware="false"
215-->[androidx.work:work-runtime:2.8.1] AndroidManifest.xml:55:13-44
216            android:enabled="@bool/enable_system_foreground_service_default"
216-->[androidx.work:work-runtime:2.8.1] AndroidManifest.xml:56:13-77
217            android:exported="false" />
217-->[androidx.work:work-runtime:2.8.1] AndroidManifest.xml:57:13-37
218
219        <receiver
219-->[androidx.work:work-runtime:2.8.1] AndroidManifest.xml:61:9-66:35
220            android:name="androidx.work.impl.utils.ForceStopRunnable$BroadcastReceiver"
220-->[androidx.work:work-runtime:2.8.1] AndroidManifest.xml:62:13-88
221            android:directBootAware="false"
221-->[androidx.work:work-runtime:2.8.1] AndroidManifest.xml:63:13-44
222            android:enabled="true"
222-->[androidx.work:work-runtime:2.8.1] AndroidManifest.xml:64:13-35
223            android:exported="false" />
223-->[androidx.work:work-runtime:2.8.1] AndroidManifest.xml:65:13-37
224        <receiver
224-->[androidx.work:work-runtime:2.8.1] AndroidManifest.xml:67:9-77:20
225            android:name="androidx.work.impl.background.systemalarm.ConstraintProxy$BatteryChargingProxy"
225-->[androidx.work:work-runtime:2.8.1] AndroidManifest.xml:68:13-106
226            android:directBootAware="false"
226-->[androidx.work:work-runtime:2.8.1] AndroidManifest.xml:69:13-44
227            android:enabled="false"
227-->[androidx.work:work-runtime:2.8.1] AndroidManifest.xml:70:13-36
228            android:exported="false" >
228-->[androidx.work:work-runtime:2.8.1] AndroidManifest.xml:71:13-37
229            <intent-filter>
229-->[androidx.work:work-runtime:2.8.1] AndroidManifest.xml:73:13-76:29
230                <action android:name="android.intent.action.ACTION_POWER_CONNECTED" />
230-->[androidx.work:work-runtime:2.8.1] AndroidManifest.xml:74:17-87
230-->[androidx.work:work-runtime:2.8.1] AndroidManifest.xml:74:25-84
231                <action android:name="android.intent.action.ACTION_POWER_DISCONNECTED" />
231-->[androidx.work:work-runtime:2.8.1] AndroidManifest.xml:75:17-90
231-->[androidx.work:work-runtime:2.8.1] AndroidManifest.xml:75:25-87
232            </intent-filter>
233        </receiver>
234        <receiver
234-->[androidx.work:work-runtime:2.8.1] AndroidManifest.xml:78:9-88:20
235            android:name="androidx.work.impl.background.systemalarm.ConstraintProxy$BatteryNotLowProxy"
235-->[androidx.work:work-runtime:2.8.1] AndroidManifest.xml:79:13-104
236            android:directBootAware="false"
236-->[androidx.work:work-runtime:2.8.1] AndroidManifest.xml:80:13-44
237            android:enabled="false"
237-->[androidx.work:work-runtime:2.8.1] AndroidManifest.xml:81:13-36
238            android:exported="false" >
238-->[androidx.work:work-runtime:2.8.1] AndroidManifest.xml:82:13-37
239            <intent-filter>
239-->[androidx.work:work-runtime:2.8.1] AndroidManifest.xml:84:13-87:29
240                <action android:name="android.intent.action.BATTERY_OKAY" />
240-->[androidx.work:work-runtime:2.8.1] AndroidManifest.xml:85:17-77
240-->[androidx.work:work-runtime:2.8.1] AndroidManifest.xml:85:25-74
241                <action android:name="android.intent.action.BATTERY_LOW" />
241-->[androidx.work:work-runtime:2.8.1] AndroidManifest.xml:86:17-76
241-->[androidx.work:work-runtime:2.8.1] AndroidManifest.xml:86:25-73
242            </intent-filter>
243        </receiver>
244        <receiver
244-->[androidx.work:work-runtime:2.8.1] AndroidManifest.xml:89:9-99:20
245            android:name="androidx.work.impl.background.systemalarm.ConstraintProxy$StorageNotLowProxy"
245-->[androidx.work:work-runtime:2.8.1] AndroidManifest.xml:90:13-104
246            android:directBootAware="false"
246-->[androidx.work:work-runtime:2.8.1] AndroidManifest.xml:91:13-44
247            android:enabled="false"
247-->[androidx.work:work-runtime:2.8.1] AndroidManifest.xml:92:13-36
248            android:exported="false" >
248-->[androidx.work:work-runtime:2.8.1] AndroidManifest.xml:93:13-37
249            <intent-filter>
249-->[androidx.work:work-runtime:2.8.1] AndroidManifest.xml:95:13-98:29
250                <action android:name="android.intent.action.DEVICE_STORAGE_LOW" />
250-->[androidx.work:work-runtime:2.8.1] AndroidManifest.xml:96:17-83
250-->[androidx.work:work-runtime:2.8.1] AndroidManifest.xml:96:25-80
251                <action android:name="android.intent.action.DEVICE_STORAGE_OK" />
251-->[androidx.work:work-runtime:2.8.1] AndroidManifest.xml:97:17-82
251-->[androidx.work:work-runtime:2.8.1] AndroidManifest.xml:97:25-79
252            </intent-filter>
253        </receiver>
254        <receiver
254-->[androidx.work:work-runtime:2.8.1] AndroidManifest.xml:100:9-109:20
255            android:name="androidx.work.impl.background.systemalarm.ConstraintProxy$NetworkStateProxy"
255-->[androidx.work:work-runtime:2.8.1] AndroidManifest.xml:101:13-103
256            android:directBootAware="false"
256-->[androidx.work:work-runtime:2.8.1] AndroidManifest.xml:102:13-44
257            android:enabled="false"
257-->[androidx.work:work-runtime:2.8.1] AndroidManifest.xml:103:13-36
258            android:exported="false" >
258-->[androidx.work:work-runtime:2.8.1] AndroidManifest.xml:104:13-37
259            <intent-filter>
259-->[androidx.work:work-runtime:2.8.1] AndroidManifest.xml:106:13-108:29
260                <action android:name="android.net.conn.CONNECTIVITY_CHANGE" />
260-->[androidx.work:work-runtime:2.8.1] AndroidManifest.xml:107:17-79
260-->[androidx.work:work-runtime:2.8.1] AndroidManifest.xml:107:25-76
261            </intent-filter>
262        </receiver>
263        <receiver
263-->[androidx.work:work-runtime:2.8.1] AndroidManifest.xml:110:9-121:20
264            android:name="androidx.work.impl.background.systemalarm.RescheduleReceiver"
264-->[androidx.work:work-runtime:2.8.1] AndroidManifest.xml:111:13-88
265            android:directBootAware="false"
265-->[androidx.work:work-runtime:2.8.1] AndroidManifest.xml:112:13-44
266            android:enabled="false"
266-->[androidx.work:work-runtime:2.8.1] AndroidManifest.xml:113:13-36
267            android:exported="false" >
267-->[androidx.work:work-runtime:2.8.1] AndroidManifest.xml:114:13-37
268            <intent-filter>
268-->[androidx.work:work-runtime:2.8.1] AndroidManifest.xml:116:13-120:29
269                <action android:name="android.intent.action.BOOT_COMPLETED" />
269-->[androidx.work:work-runtime:2.8.1] AndroidManifest.xml:117:17-79
269-->[androidx.work:work-runtime:2.8.1] AndroidManifest.xml:117:25-76
270                <action android:name="android.intent.action.TIME_SET" />
270-->[androidx.work:work-runtime:2.8.1] AndroidManifest.xml:118:17-73
270-->[androidx.work:work-runtime:2.8.1] AndroidManifest.xml:118:25-70
271                <action android:name="android.intent.action.TIMEZONE_CHANGED" />
271-->[androidx.work:work-runtime:2.8.1] AndroidManifest.xml:119:17-81
271-->[androidx.work:work-runtime:2.8.1] AndroidManifest.xml:119:25-78
272            </intent-filter>
273        </receiver>
274        <receiver
274-->[androidx.work:work-runtime:2.8.1] AndroidManifest.xml:122:9-131:20
275            android:name="androidx.work.impl.background.systemalarm.ConstraintProxyUpdateReceiver"
275-->[androidx.work:work-runtime:2.8.1] AndroidManifest.xml:123:13-99
276            android:directBootAware="false"
276-->[androidx.work:work-runtime:2.8.1] AndroidManifest.xml:124:13-44
277            android:enabled="@bool/enable_system_alarm_service_default"
277-->[androidx.work:work-runtime:2.8.1] AndroidManifest.xml:125:13-72
278            android:exported="false" >
278-->[androidx.work:work-runtime:2.8.1] AndroidManifest.xml:126:13-37
279            <intent-filter>
279-->[androidx.work:work-runtime:2.8.1] AndroidManifest.xml:128:13-130:29
280                <action android:name="androidx.work.impl.background.systemalarm.UpdateProxies" />
280-->[androidx.work:work-runtime:2.8.1] AndroidManifest.xml:129:17-98
280-->[androidx.work:work-runtime:2.8.1] AndroidManifest.xml:129:25-95
281            </intent-filter>
282        </receiver>
283        <receiver
283-->[androidx.work:work-runtime:2.8.1] AndroidManifest.xml:132:9-142:20
284            android:name="androidx.work.impl.diagnostics.DiagnosticsReceiver"
284-->[androidx.work:work-runtime:2.8.1] AndroidManifest.xml:133:13-78
285            android:directBootAware="false"
285-->[androidx.work:work-runtime:2.8.1] AndroidManifest.xml:134:13-44
286            android:enabled="true"
286-->[androidx.work:work-runtime:2.8.1] AndroidManifest.xml:135:13-35
287            android:exported="true"
287-->[androidx.work:work-runtime:2.8.1] AndroidManifest.xml:136:13-36
288            android:permission="android.permission.DUMP" >
288-->[androidx.work:work-runtime:2.8.1] AndroidManifest.xml:137:13-57
289            <intent-filter>
289-->[androidx.work:work-runtime:2.8.1] AndroidManifest.xml:139:13-141:29
290                <action android:name="androidx.work.diagnostics.REQUEST_DIAGNOSTICS" />
290-->[androidx.work:work-runtime:2.8.1] AndroidManifest.xml:140:17-88
290-->[androidx.work:work-runtime:2.8.1] AndroidManifest.xml:140:25-85
291            </intent-filter>
292        </receiver>
293
294        <activity
294-->[com.facebook.android:audience-network-sdk:6.14.0] AndroidManifest.xml:20:9-24:75
295            android:name="com.facebook.ads.AudienceNetworkActivity"
295-->[com.facebook.android:audience-network-sdk:6.14.0] AndroidManifest.xml:21:13-68
296            android:configChanges="keyboardHidden|orientation|screenSize"
296-->[com.facebook.android:audience-network-sdk:6.14.0] AndroidManifest.xml:22:13-74
297            android:exported="false"